<?xml version="1.0" encoding="UTF-8"?>
<!-- Generated by org.testng.reporters.JUnitReportReporter -->
<testsuite hostname="doer-ThinkPad-T450" failures="0" tests="1" name="rejectedEmployeePackage.rejectedEmployee02_ValidSearch" time="0.000" errors="0" timestamp="2023-07-19T09:58:57 BDT" skipped="1">
  <testcase classname="rejectedEmployeePackage.rejectedEmployee02_ValidSearch" name="rejectedEmployee03" time="0.000">
    <skipped/>
  </testcase> <!-- rejectedEmployee03 -->
  <system-out/>
</testsuite> <!-- rejectedEmployeePackage.rejectedEmployee02_ValidSearch -->
