<?xml version="1.0" encoding="UTF-8"?>
<!-- Generated by org.testng.reporters.JUnitReportReporter -->
<testsuite hostname="doer-ThinkPad-T450" failures="0" tests="1" name="memberManagementPackage.memberManagement06_newMemberWithoutMandatory" time="0.000" errors="0" timestamp="2023-07-19T09:58:57 BDT" skipped="1">
  <testcase classname="memberManagementPackage.memberManagement06_newMemberWithoutMandatory" name="membermangement05" time="0.000">
    <skipped/>
  </testcase> <!-- membermangement05 -->
  <system-out/>
</testsuite> <!-- memberManagementPackage.memberManagement06_newMemberWithoutMandatory -->
