<?xml version="1.0" encoding="UTF-8"?>
<!-- Generated by org.testng.reporters.JUnitReportReporter -->
<testsuite hostname="doer-ThinkPad-T450" failures="0" tests="1" name="Samity_package.samity04_samityBySatus" time="4.139" errors="0" timestamp="2023-07-06T03:40:09 BDT" skipped="0">
  <testcase classname="Samity_package.samity04_samityBySatus" name="branch" time="4.139"/>
  <system-out/>
</testsuite> <!-- Samity_package.samity04_samityBySatus -->
