<?xml version="1.0" encoding="UTF-8"?>
<!-- Generated by org.testng.reporters.JUnitReportReporter -->
<testsuite hostname="doer-ThinkPad-T450" failures="0" tests="1" name="rejectedSamityPackage.rejectedsamity01_approvalListAndRejectedList" time="31.931" errors="0" timestamp="2023-07-22T10:31:58 BDT" skipped="0">
  <testcase classname="rejectedSamityPackage.rejectedsamity01_approvalListAndRejectedList" name="branch" time="31.931"/>
  <system-out/>
</testsuite> <!-- rejectedSamityPackage.rejectedsamity01_approvalListAndRejectedList -->
