<?xml version="1.0" encoding="UTF-8"?>
<!-- Generated by org.testng.reporters.JUnitReportReporter -->
<testsuite hostname="doer-ThinkPad-T450" failures="0" tests="1" name="rejectedEmployeePackage.rejectedemployee03_rejectedEmployeeSearch" time="2.137" errors="0" timestamp="2023-07-22T10:31:58 BDT" skipped="0">
  <testcase classname="rejectedEmployeePackage.rejectedemployee03_rejectedEmployeeSearch" name="branch" time="2.137"/>
  <system-out/>
</testsuite> <!-- rejectedEmployeePackage.rejectedemployee03_rejectedEmployeeSearch -->
