<?xml version="1.0" encoding="UTF-8"?>
<!-- Generated by org.testng.reporters.JUnitReportReporter -->
<testsuite hostname="doer-ThinkPad-T450" failures="0" tests="1" name="loanProductPackage.loanProduct06_crateAllFiled" time="66.503" errors="0" timestamp="2023-07-13T11:03:30 BDT" skipped="0">
  <testcase classname="loanProductPackage.loanProduct06_crateAllFiled" name="branch" time="66.503"/>
  <system-out/>
</testsuite> <!-- loanProductPackage.loanProduct06_crateAllFiled -->
