<?xml version="1.0" encoding="UTF-8"?>
<!-- Generated by org.testng.reporters.JUnitReportReporter -->
<testsuite hostname="doer-ThinkPad-T450" failures="0" tests="1" name="officePackage.office10_createAllfiled" time="85.765" errors="0" timestamp="2023-07-09T13:17:49 BDT" skipped="0">
  <testcase classname="officePackage.office10_createAllfiled" name="branch" time="85.765"/>
  <system-out/>
</testsuite> <!-- officePackage.office10_createAllfiled -->
