<?xml version="1.0" encoding="UTF-8"?>
<!-- Generated by org.testng.reporters.JUnitReportReporter -->
<testsuite hostname="doer-ThinkPad-T450" failures="0" tests="1" name="Office_package.office_05_view_list" time="4.314" errors="0" timestamp="2023-07-05T23:43:32 BDT" skipped="0">
  <testcase classname="Office_package.office_05_view_list" name="branch" time="4.314"/>
  <system-out/>
</testsuite> <!-- Office_package.office_05_view_list -->
