<?xml version="1.0" encoding="UTF-8"?>
<!-- Generated by org.testng.reporters.JUnitReportReporter -->
<testsuite hostname="doer-ThinkPad-T450" failures="0" tests="1" name="loanProductPackage.loanProduct02_pendingApproval" time="18.733" errors="0" timestamp="2023-07-17T11:03:29 BDT" skipped="0">
  <testcase classname="loanProductPackage.loanProduct02_pendingApproval" name="branch" time="18.733"/>
  <system-out/>
</testsuite> <!-- loanProductPackage.loanProduct02_pendingApproval -->
