<?xml version="1.0" encoding="UTF-8"?>
<!-- Generated by org.testng.reporters.JUnitReportReporter -->
<testsuite hostname="doer-ThinkPad-T450" failures="0" tests="1" name="samityPackage.samity06_pendingApproval" time="13.661" errors="0" timestamp="2023-07-17T11:03:29 BDT" skipped="0">
  <testcase classname="samityPackage.samity06_pendingApproval" name="branch" time="13.661"/>
  <system-out/>
</testsuite> <!-- samityPackage.samity06_pendingApproval -->
