<?xml version="1.0" encoding="UTF-8"?>
<!-- Generated by org.testng.reporters.JUnitReportReporter -->
<testsuite hostname="doer-ThinkPad-T450" failures="0" tests="1" name="loanProductPackage.loanProduct07_languageChange" time="11.177" errors="0" timestamp="2023-07-13T11:03:30 BDT" skipped="0">
  <testcase classname="loanProductPackage.loanProduct07_languageChange" name="branch" time="11.177"/>
  <system-out/>
</testsuite> <!-- loanProductPackage.loanProduct07_languageChange -->
