<?xml version="1.0" encoding="UTF-8"?>
<!-- Generated by org.testng.reporters.JUnitReportReporter -->
<testsuite hostname="doer-ThinkPad-T450" failures="0" tests="1" name="samityPackage.samity02_samityListPage_" time="5.306" errors="0" timestamp="2023-07-17T11:03:29 BDT" skipped="0">
  <testcase classname="samityPackage.samity02_samityListPage_" name="branch" time="5.306"/>
  <system-out/>
</testsuite> <!-- samityPackage.samity02_samityListPage_ -->
