<?xml version="1.0" encoding="UTF-8"?>
<!-- Generated by org.testng.reporters.JUnitReportReporter -->
<testsuite hostname="doer-ThinkPad-T450" failures="0" tests="1" name="loanAccountPackage.loanAccounting08_createWithoutMandatorydata" time="37.171" errors="0" timestamp="2023-07-09T16:46:06 BDT" skipped="0">
  <testcase classname="loanAccountPackage.loanAccounting08_createWithoutMandatorydata" name="branch" time="37.171"/>
  <system-out/>
</testsuite> <!-- loanAccountPackage.loanAccounting08_createWithoutMandatorydata -->
