<?xml version="1.0" encoding="UTF-8"?>
<!-- Generated by org.testng.reporters.JUnitReportReporter -->
<testsuite hostname="doer-ThinkPad-T450" failures="0" tests="1" name="rejectedMemberPackage.rejectedMember04_updateInfo" time="0.000" errors="0" timestamp="2023-07-19T09:58:57 BDT" skipped="1">
  <testcase classname="rejectedMemberPackage.rejectedMember04_updateInfo" name="rejectedMember05" time="0.000">
    <skipped/>
  </testcase> <!-- rejectedMember05 -->
  <system-out/>
</testsuite> <!-- rejectedMemberPackage.rejectedMember04_updateInfo -->
