<?xml version="1.0" encoding="UTF-8"?>
<!-- Generated by org.testng.reporters.JUnitReportReporter -->
<testsuite hostname="doer-ThinkPad-T450" failures="0" tests="1" name="Office_package.office03_createValidData" time="70.538" errors="0" timestamp="2023-07-06T03:40:09 BDT" skipped="0">
  <testcase classname="Office_package.office03_createValidData" name="branch" time="70.538"/>
  <system-out/>
</testsuite> <!-- Office_package.office03_createValidData -->
