<?xml version="1.0" encoding="UTF-8"?>
<!-- Generated by org.testng.reporters.JUnitReportReporter -->
<testsuite hostname="doer-ThinkPad-T450" failures="0" tests="1" name="Member_package.memberManagement01_pageView" time="20.591" errors="0" timestamp="2023-07-05T07:28:02 BDT" skipped="0">
  <testcase classname="Member_package.memberManagement01_pageView" name="memberManagement01" time="20.591"/>
  <system-out/>
</testsuite> <!-- Member_package.memberManagement01_pageView -->
