<?xml version="1.0" encoding="UTF-8"?>
<!-- Generated by org.testng.reporters.JUnitReportReporter -->
<testsuite hostname="doer-ThinkPad-T450" failures="0" tests="1" name="zonePackage.zone01_listPage" time="6.178" errors="0" timestamp="2023-07-23T16:52:26 BDT" skipped="0">
  <testcase classname="zonePackage.zone01_listPage" name="employee" time="6.178"/>
  <system-out/>
</testsuite> <!-- zonePackage.zone01_listPage -->
