<?xml version="1.0" encoding="UTF-8"?>
<!-- Generated by org.testng.reporters.JUnitReportReporter -->
<testsuite hostname="doer-ThinkPad-T450" failures="0" tests="1" name="Office_package.office_02_list_page" time="12.965" errors="0" timestamp="2023-07-06T00:55:28 BDT" skipped="0">
  <testcase classname="Office_package.office_02_list_page" name="branch" time="12.965"/>
  <system-out/>
</testsuite> <!-- Office_package.office_02_list_page -->
