<?xml version="1.0" encoding="UTF-8"?>
<!-- Generated by org.testng.reporters.JUnitReportReporter -->
<testsuite hostname="doer-ThinkPad-T450" failures="0" tests="1" name="loanProductPackage.loanProduct04_detailView" time="16.949" errors="0" timestamp="2023-07-13T11:03:31 BDT" skipped="0">
  <testcase classname="loanProductPackage.loanProduct04_detailView" name="branch" time="16.949"/>
  <system-out/>
</testsuite> <!-- loanProductPackage.loanProduct04_detailView -->
