<?xml version="1.0" encoding="UTF-8"?>
<!-- Generated by org.testng.reporters.JUnitReportReporter -->
<testsuite hostname="doer-ThinkPad-T450" failures="0" tests="1" name="loanAccountPackage.loanAccount04_searchByStatus" time="18.381" errors="0" timestamp="2023-07-09T15:49:44 BDT" skipped="0">
  <testcase classname="loanAccountPackage.loanAccount04_searchByStatus" name="branch" time="18.381"/>
  <system-out/>
</testsuite> <!-- loanAccountPackage.loanAccount04_searchByStatus -->
