<?xml version="1.0" encoding="UTF-8"?>
<!-- Generated by org.testng.reporters.JUnitReportReporter -->
<testsuite hostname="doer-ThinkPad-T450" failures="0" tests="1" name="userPackage.user02_createValid" time="23.287" errors="0" timestamp="2023-07-16T05:25:54 BDT" skipped="0">
  <testcase classname="userPackage.user02_createValid" name="branch" time="23.287"/>
  <system-out/>
</testsuite> <!-- userPackage.user02_createValid -->
