<?xml version="1.0" encoding="UTF-8"?>
<!-- Generated by org.testng.reporters.JUnitReportReporter -->
<testsuite hostname="doer-ThinkPad-T450" failures="0" tests="1" name="memberManagementPackage.memberManagement09_editMember" time="26.801" errors="0" timestamp="2023-07-17T14:09:00 BDT" skipped="0">
  <testcase classname="memberManagementPackage.memberManagement09_editMember" name="membermangement04" time="26.801"/>
  <system-out/>
</testsuite> <!-- memberManagementPackage.memberManagement09_editMember -->
