<?xml version="1.0" encoding="UTF-8"?>
<!-- Generated by org.testng.reporters.JUnitReportReporter -->
<testsuite hostname="doer-ThinkPad-T450" failures="0" tests="1" name="rejectedMemberPackage.rejectedMember03_searchMember" time="1.158" errors="0" timestamp="2023-07-22T10:31:58 BDT" skipped="0">
  <testcase classname="rejectedMemberPackage.rejectedMember03_searchMember" name="rejectedMember03" time="1.158"/>
  <system-out/>
</testsuite> <!-- rejectedMemberPackage.rejectedMember03_searchMember -->
