<?xml version="1.0" encoding="UTF-8"?>
<!-- Generated by org.testng.reporters.JUnitReportReporter -->
<testsuite hostname="doer-ThinkPad-T450" failures="0" tests="1" name="Samity_package.samity_05_create_samity_valid" time="94.870" errors="0" timestamp="2023-07-05T23:43:32 BDT" skipped="0">
  <testcase classname="Samity_package.samity_05_create_samity_valid" name="branch" time="94.870"/>
  <system-out/>
</testsuite> <!-- Samity_package.samity_05_create_samity_valid -->
