<?xml version="1.0" encoding="UTF-8"?>
<!-- Generated by org.testng.reporters.JUnitReportReporter -->
<testsuite hostname="doer-ThinkPad-T450" failures="0" tests="1" name="Samity_package.samity_04_samity_by_status" time="4.297" errors="0" timestamp="2023-07-05T23:43:32 BDT" skipped="0">
  <testcase classname="Samity_package.samity_04_samity_by_status" name="branch" time="4.297"/>
  <system-out/>
</testsuite> <!-- Samity_package.samity_04_samity_by_status -->
