<?xml version="1.0" encoding="UTF-8"?>
<!-- Generated by org.testng.reporters.JUnitReportReporter -->
<testsuite hostname="doer-ThinkPad-T450" failures="0" tests="1" name="officePackage.office02_createValidData" time="43.083" errors="0" timestamp="2023-07-17T11:03:29 BDT" skipped="0">
  <testcase classname="officePackage.office02_createValidData" name="branch" time="43.083"/>
  <system-out/>
</testsuite> <!-- officePackage.office02_createValidData -->
