<?xml version="1.0" encoding="UTF-8"?>
<!-- Generated by org.testng.reporters.JUnitReportReporter -->
<testsuite hostname="doer-ThinkPad-T450" failures="0" tests="1" name="Samity_package.samity_02_samity_list_page_" time="4.165" errors="0" timestamp="2023-07-05T23:43:31 BDT" skipped="0">
  <testcase classname="Samity_package.samity_02_samity_list_page_" name="branch" time="4.165"/>
  <system-out/>
</testsuite> <!-- Samity_package.samity_02_samity_list_page_ -->
