<?xml version="1.0" encoding="UTF-8"?>
<!-- Generated by org.testng.reporters.JUnitReportReporter -->
<testsuite hostname="doer-ThinkPad-T450" failures="0" tests="1" name="Samity_package.samity05_createSamityValid" time="94.290" errors="0" timestamp="2023-07-06T03:40:09 BDT" skipped="0">
  <testcase classname="Samity_package.samity05_createSamityValid" name="branch" time="94.290"/>
  <system-out/>
</testsuite> <!-- Samity_package.samity05_createSamityValid -->
