<?xml version="1.0" encoding="UTF-8"?>
<!-- Generated by org.testng.reporters.JUnitReportReporter -->
<testsuite hostname="doer-ThinkPad-T450" failures="0" tests="1" name="Role_package.role_01_list_page" time="4.165" errors="0" timestamp="2023-07-05T23:43:32 BDT" skipped="0">
  <testcase classname="Role_package.role_01_list_page" name="branch" time="4.165"/>
  <system-out/>
</testsuite> <!-- Role_package.role_01_list_page -->
