<?xml version="1.0" encoding="UTF-8"?>
<!-- Generated by org.testng.reporters.JUnitReportReporter -->
<testsuite hostname="doer-ThinkPad-T450" failures="0" tests="1" name="employeePackage.employee03_employeeByStatus" time="0.000" errors="0" timestamp="2023-07-19T09:58:57 BDT" skipped="1">
  <testcase classname="employeePackage.employee03_employeeByStatus" name="employee" time="0.000">
    <skipped/>
  </testcase> <!-- employee -->
  <system-out/>
</testsuite> <!-- employeePackage.employee03_employeeByStatus -->
