<?xml version="1.0" encoding="UTF-8"?>
<!-- Generated by org.testng.reporters.JUnitReportReporter -->
<testsuite hostname="doer-ThinkPad-T450" failures="0" tests="1" name="rejectedOfficePackage.rejectedOffice03_rejectOfficeSearch" time="3.181" errors="0" timestamp="2023-07-22T10:31:58 BDT" skipped="0">
  <testcase classname="rejectedOfficePackage.rejectedOffice03_rejectOfficeSearch" name="branch" time="3.181"/>
  <system-out/>
</testsuite> <!-- rejectedOfficePackage.rejectedOffice03_rejectOfficeSearch -->
