<?xml version="1.0" encoding="UTF-8"?>
<!-- Generated by org.testng.reporters.JUnitReportReporter -->
<testsuite hostname="doer-ThinkPad-T450" failures="0" tests="1" name="rejectedloanproductPackage.rejectedloanprduct03_rejectedLoanProductSearch" time="2.180" errors="0" timestamp="2023-07-22T10:31:58 BDT" skipped="0">
  <testcase classname="rejectedloanproductPackage.rejectedloanprduct03_rejectedLoanProductSearch" name="branch" time="2.180"/>
  <system-out/>
</testsuite> <!-- rejectedloanproductPackage.rejectedloanprduct03_rejectedLoanProductSearch -->
