<?xml version="1.0" encoding="UTF-8"?>
<!-- Generated by org.testng.reporters.JUnitReportReporter -->
<testsuite hostname="doer-ThinkPad-T450" failures="0" tests="1" name="memberManagementPackage.memberManagement01_pageView" time="0.000" errors="0" timestamp="2023-07-19T09:58:57 BDT" skipped="1">
  <testcase classname="memberManagementPackage.memberManagement01_pageView" name="memberManagement01" time="0.000">
    <skipped/>
  </testcase> <!-- memberManagement01 -->
  <system-out/>
</testsuite> <!-- memberManagementPackage.memberManagement01_pageView -->
