<?xml version="1.0" encoding="UTF-8"?>
<!-- Generated by org.testng.reporters.JUnitReportReporter -->
<testsuite hostname="doer-ThinkPad-T450" failures="0" tests="1" name="loanAccountPackage.loanAccount02_listPage" time="0.005" errors="0" timestamp="2023-07-19T09:58:57 BDT" skipped="1">
  <testcase classname="loanAccountPackage.loanAccount02_listPage" name="branch" time="0.005">
    <skipped/>
  </testcase> <!-- branch -->
  <system-out/>
</testsuite> <!-- loanAccountPackage.loanAccount02_listPage -->
