<?xml version="1.0" encoding="UTF-8"?>
<!-- Generated by org.testng.reporters.JUnitReportReporter -->
<testsuite hostname="doer-ThinkPad-T450" failures="0" tests="1" name="loanProductPackage.loanProduct05_searchByName" time="12.842" errors="0" timestamp="2023-07-13T11:03:31 BDT" skipped="0">
  <testcase classname="loanProductPackage.loanProduct05_searchByName" name="branch" time="12.842"/>
  <system-out/>
</testsuite> <!-- loanProductPackage.loanProduct05_searchByName -->
