<?xml version="1.0" encoding="UTF-8"?>
<!-- Generated by org.testng.reporters.JUnitReportReporter -->
<testsuite hostname="doer-ThinkPad-T450" failures="0" tests="1" name="Office_package.office09_searchField" time="4.178" errors="0" timestamp="2023-07-06T03:40:09 BDT" skipped="0">
  <testcase classname="Office_package.office09_searchField" name="branch" time="4.178"/>
  <system-out/>
</testsuite> <!-- Office_package.office09_searchField -->
