<?xml version="1.0" encoding="UTF-8"?>
<!-- Generated by org.testng.reporters.JUnitReportReporter -->
<testsuite hostname="doer-ThinkPad-T450" failures="0" tests="1" name="samityPackage.samity05_createSamityValid" time="43.100" errors="0" timestamp="2023-07-17T11:03:29 BDT" skipped="0">
  <testcase classname="samityPackage.samity05_createSamityValid" name="branch" time="43.100"/>
  <system-out/>
</testsuite> <!-- samityPackage.samity05_createSamityValid -->
