<?xml version="1.0" encoding="UTF-8"?>
<!-- Generated by org.testng.reporters.JUnitReportReporter -->
<testsuite hostname="doer-ThinkPad-T450" failures="0" tests="1" name="samityPackage.samity10_createSamityAllFlied" time="123.588" errors="0" timestamp="2023-07-09T15:16:34 BDT" skipped="0">
  <testcase classname="samityPackage.samity10_createSamityAllFlied" name="branch" time="123.588"/>
  <system-out/>
</testsuite> <!-- samityPackage.samity10_createSamityAllFlied -->
