<?xml version="1.0" encoding="UTF-8"?>
<!-- Generated by org.testng.reporters.JUnitReportReporter -->
<testsuite hostname="DESKTOP-V86NK31" failures="0" tests="1" name="Branch.branch_04_select_branch_type" time="4.190" errors="0" timestamp="2023-05-22T17:32:27 BDT" skipped="0">
  <testcase classname="Branch.branch_04_select_branch_type" name="branch" time="4.190"/>
  <system-out/>
</testsuite> <!-- Branch.branch_04_select_branch_type -->
