<?xml version="1.0" encoding="UTF-8"?>
<!-- Generated by org.testng.reporters.JUnitReportReporter -->
<testsuite hostname="DESKTOP-V86NK31" failures="0" tests="1" name="Samity.Samity_02_Samity_Searching_Placeholder" time="2.284" errors="0" timestamp="2023-05-22T17:32:27 BDT" skipped="0">
  <testcase classname="Samity.Samity_02_Samity_Searching_Placeholder" name="branch" time="2.284"/>
  <system-out/>
</testsuite> <!-- Samity.Samity_02_Samity_Searching_Placeholder -->
