<?xml version="1.0" encoding="UTF-8"?>
<!-- Generated by org.testng.reporters.JUnitReportReporter -->
<testsuite hostname="DESKTOP-V86NK31" failures="0" tests="1" name="Member.Member_03_Member_By_Status" time="12.280" errors="0" timestamp="2023-05-22T17:32:27 BDT" skipped="0">
  <testcase classname="Member.Member_03_Member_By_Status" name="member" time="12.280"/>
  <system-out/>
</testsuite> <!-- Member.Member_03_Member_By_Status -->
