<?xml version="1.0" encoding="UTF-8"?>
<!-- Generated by org.testng.reporters.JUnitReportReporter -->
<testsuite hostname="DESKTOP-V86NK31" failures="0" tests="1" name="Base" time="0.015" errors="0" timestamp="2023-05-08T14:18:35 BDT" skipped="0">
  <testcase classname="Base" name="boss" time="0.015"/>
  <system-out/>
</testsuite> <!-- Base -->
