<?xml version="1.0" encoding="UTF-8"?>
<!-- Generated by org.testng.reporters.JUnitReportReporter -->
<testsuite hostname="DESKTOP-V86NK31" failures="0" tests="1" name="Branch.branch_08_edit_branch" time="10.622" errors="0" timestamp="2023-05-22T17:32:27 BDT" skipped="0">
  <testcase classname="Branch.branch_08_edit_branch" name="branch" time="10.622"/>
  <system-out/>
</testsuite> <!-- Branch.branch_08_edit_branch -->
