<?xml version="1.0" encoding="UTF-8"?>
<!-- Generated by org.testng.reporters.JUnitReportReporter -->
<testsuite hostname="DESKTOP-V86NK31" failures="0" tests="1" name="Samity.Samity_02_Samity_Serching_Placeholder" time="2.245" errors="0" timestamp="2023-05-22T12:15:49 BDT" skipped="0">
  <testcase classname="Samity.Samity_02_Samity_Serching_Placeholder" name="branch" time="2.245"/>
  <system-out/>
</testsuite> <!-- Samity.Samity_02_Samity_Serching_Placeholder -->
