<?xml version="1.0" encoding="UTF-8"?>
<!-- Generated by org.testng.reporters.JUnitReportReporter -->
<testsuite hostname="DESKTOP-V86NK31" failures="0" tests="1" name="Samity.Samity_09_Create_Samity_Correct" time="78.424" errors="0" timestamp="2023-05-22T17:32:27 BDT" skipped="0">
  <testcase classname="Samity.Samity_09_Create_Samity_Correct" name="branch" time="78.424"/>
  <system-out/>
</testsuite> <!-- Samity.Samity_09_Create_Samity_Correct -->
