<?xml version="1.0" encoding="UTF-8"?>
<!-- Generated by org.testng.reporters.JUnitReportReporter -->
<testsuite hostname="DESKTOP-V86NK31" failures="0" tests="1" name="Member.Member_05_Member_Lock" time="6.104" errors="0" timestamp="2023-05-22T17:32:27 BDT" skipped="0">
  <testcase classname="Member.Member_05_Member_Lock" name="member" time="6.104"/>
  <system-out/>
</testsuite> <!-- Member.Member_05_Member_Lock -->
