<?xml version="1.0" encoding="UTF-8"?>
<!-- Generated by org.testng.reporters.JUnitReportReporter -->
<testsuite hostname="DESKTOP-V86NK31" failures="0" tests="1" name="Branch.Branch_01" time="22.989" errors="0" timestamp="2023-05-18T11:23:51 BDT" skipped="0">
  <testcase classname="Branch.Branch_01" name="BranchTest_01" time="22.989"/>
  <system-out/>
</testsuite> <!-- Branch.Branch_01 -->
