<?xml version="1.0" encoding="UTF-8"?>
<!-- Generated by org.testng.reporters.JUnitReportReporter -->
<testsuite hostname="DESKTOP-V86NK31" failures="0" tests="1" name="Samity.Samity_03_Samity_By_Status" time="4.188" errors="0" timestamp="2023-05-22T17:32:27 BDT" skipped="0">
  <testcase classname="Samity.Samity_03_Samity_By_Status" name="branch" time="4.188"/>
  <system-out/>
</testsuite> <!-- Samity.Samity_03_Samity_By_Status -->
