<?xml version="1.0" encoding="UTF-8"?>
<!-- Generated by org.testng.reporters.JUnitReportReporter -->
<testsuite hostname="DESKTOP-V86NK31" failures="0" tests="1" name="Member.Member_01_Member_List_Page" time="9.154" errors="0" timestamp="2023-05-22T17:32:27 BDT" skipped="0">
  <testcase classname="Member.Member_01_Member_List_Page" name="member" time="9.154"/>
  <system-out/>
</testsuite> <!-- Member.Member_01_Member_List_Page -->
