<?xml version="1.0" encoding="UTF-8"?>
<!-- Generated by org.testng.reporters.JUnitReportReporter -->
<testsuite hostname="DESKTOP-V86NK31" failures="0" tests="1" name="Samity.Samity_04_Samity_By_Branch" time="4.184" errors="0" timestamp="2023-05-22T17:32:27 BDT" skipped="0">
  <testcase classname="Samity.Samity_04_Samity_By_Branch" name="branch" time="4.184"/>
  <system-out/>
</testsuite> <!-- Samity.Samity_04_Samity_By_Branch -->
