<?xml version="1.0" encoding="UTF-8"?>
<!-- Generated by org.testng.reporters.JUnitReportReporter -->
<testsuite hostname="DESKTOP-V86NK31" failures="0" tests="1" name="Member.Member_02_Member_Searching_Placeholder" time="3.163" errors="0" timestamp="2023-05-22T17:32:27 BDT" skipped="0">
  <testcase classname="Member.Member_02_Member_Searching_Placeholder" name="member" time="3.163"/>
  <system-out/>
</testsuite> <!-- Member.Member_02_Member_Searching_Placeholder -->
